{"C:\\Users\\dorso\\WebProjects\\AndroidProject\\New folder\\ShoesLovers\\src\\app.ts": {"path":"C:\\Users\\dorso\\WebProjects\\AndroidProject\\New folder\\ShoesLovers\\src\\app.ts","statementMap":{"0":{"start":{"line":1,"column":0},"end":{"line":1,"column":43}},"1":{"start":{"line":2,"column":12},"end":{"line":2,"column":21}},"2":{"start":{"line":3,"column":0},"end":{"line":3,"column":28}},"3":{"start":{"line":4,"column":0},"end":{"line":4,"column":16}},"4":{"start":{"line":5,"column":0},"end":{"line":5,"column":32}},"5":{"start":{"line":6,"column":0},"end":{"line":6,"column":37}},"6":{"start":{"line":7,"column":0},"end":{"line":7,"column":44}},"7":{"start":{"line":8,"column":0},"end":{"line":8,"column":53}},"8":{"start":{"line":10,"column":16},"end":{"line":28,"column":1}},"9":{"start":{"line":11,"column":13},"end":{"line":11,"column":32}},"10":{"start":{"line":12,"column":2},"end":{"line":12,"column":50}},"11":{"start":{"line":12,"column":28},"end":{"line":12,"column":48}},"12":{"start":{"line":13,"column":2},"end":{"line":13,"column":62}},"13":{"start":{"line":13,"column":24},"end":{"line":13,"column":60}},"14":{"start":{"line":14,"column":2},"end":{"line":27,"column":5}},"15":{"start":{"line":15,"column":4},"end":{"line":26,"column":9}},"16":{"start":{"line":18,"column":8},"end":{"line":18,"column":35}},"17":{"start":{"line":19,"column":8},"end":{"line":19,"column":59}},"18":{"start":{"line":20,"column":8},"end":{"line":20,"column":36}},"19":{"start":{"line":21,"column":8},"end":{"line":21,"column":44}},"20":{"start":{"line":22,"column":8},"end":{"line":22,"column":21}},"21":{"start":{"line":25,"column":8},"end":{"line":25,"column":20}},"22":{"start":{"line":29,"column":0},"end":{"line":29,"column":17}}},"fnMap":{"0":{"name":"(anonymous_1)","decl":{"start":{"line":10,"column":16},"end":{"line":10,"column":19}},"loc":{"start":{"line":10,"column":21},"end":{"line":28,"column":1}}},"1":{"name":"(anonymous_2)","decl":{"start":{"line":12,"column":17},"end":{"line":12,"column":18}},"loc":{"start":{"line":12,"column":28},"end":{"line":12,"column":48}}},"2":{"name":"(anonymous_3)","decl":{"start":{"line":13,"column":18},"end":{"line":13,"column":21}},"loc":{"start":{"line":13,"column":24},"end":{"line":13,"column":60}}},"3":{"name":"(anonymous_4)","decl":{"start":{"line":14,"column":30},"end":{"line":14,"column":31}},"loc":{"start":{"line":14,"column":50},"end":{"line":27,"column":3}}},"4":{"name":"(anonymous_5)","decl":{"start":{"line":17,"column":12},"end":{"line":17,"column":15}},"loc":{"start":{"line":17,"column":17},"end":{"line":23,"column":7}}},"5":{"name":"(anonymous_6)","decl":{"start":{"line":24,"column":13},"end":{"line":24,"column":14}},"loc":{"start":{"line":24,"column":21},"end":{"line":26,"column":7}}}},"branchMap":{},"s":{"0":2,"1":2,"2":2,"3":2,"4":2,"5":2,"6":2,"7":2,"8":2,"9":2,"10":2,"11":0,"12":2,"13":2,"14":2,"15":2,"16":2,"17":2,"18":2,"19":2,"20":2,"21":0,"22":2},"f":{"0":2,"1":0,"2":2,"3":2,"4":2,"5":0},"b":{}}
,"C:\\Users\\dorso\\WebProjects\\AndroidProject\\New folder\\ShoesLovers\\src\\controllers\\base_controller.ts": {"path":"C:\\Users\\dorso\\WebProjects\\AndroidProject\\New folder\\ShoesLovers\\src\\controllers\\base_controller.ts","statementMap":{"0":{"start":{"line":7,"column":4},"end":{"line":7,"column":23}},"1":{"start":{"line":10,"column":4},"end":{"line":10,"column":31}},"2":{"start":{"line":11,"column":4},"end":{"line":21,"column":5}},"3":{"start":{"line":12,"column":6},"end":{"line":18,"column":7}},"4":{"start":{"line":13,"column":21},"end":{"line":13,"column":68}},"5":{"start":{"line":14,"column":8},"end":{"line":14,"column":23}},"6":{"start":{"line":16,"column":21},"end":{"line":16,"column":44}},"7":{"start":{"line":17,"column":8},"end":{"line":17,"column":23}},"8":{"start":{"line":20,"column":6},"end":{"line":20,"column":53}},"9":{"start":{"line":25,"column":4},"end":{"line":25,"column":48}},"10":{"start":{"line":26,"column":4},"end":{"line":31,"column":5}},"11":{"start":{"line":27,"column":19},"end":{"line":27,"column":59}},"12":{"start":{"line":28,"column":6},"end":{"line":28,"column":21}},"13":{"start":{"line":30,"column":6},"end":{"line":30,"column":53}},"14":{"start":{"line":35,"column":4},"end":{"line":35,"column":40}},"15":{"start":{"line":36,"column":4},"end":{"line":42,"column":5}},"16":{"start":{"line":37,"column":6},"end":{"line":37,"column":40}},"17":{"start":{"line":38,"column":6},"end":{"line":38,"column":21}},"18":{"start":{"line":40,"column":6},"end":{"line":40,"column":23}},"19":{"start":{"line":41,"column":6},"end":{"line":41,"column":51}},"20":{"start":{"line":46,"column":4},"end":{"line":46,"column":30}},"21":{"start":{"line":47,"column":4},"end":{"line":47,"column":34}},"22":{"start":{"line":50,"column":4},"end":{"line":50,"column":30}},"23":{"start":{"line":51,"column":4},"end":{"line":51,"column":34}},"24":{"start":{"line":54,"column":25},"end":{"line":56,"column":1}},"25":{"start":{"line":55,"column":2},"end":{"line":55,"column":46}},"26":{"start":{"line":57,"column":0},"end":{"line":57,"column":32}}},"fnMap":{"0":{"name":"(anonymous_7)","decl":{"start":{"line":6,"column":2},"end":{"line":6,"column":14}},"loc":{"start":{"line":6,"column":37},"end":{"line":8,"column":3}}},"1":{"name":"(anonymous_8)","decl":{"start":{"line":9,"column":8},"end":{"line":9,"column":14}},"loc":{"start":{"line":9,"column":42},"end":{"line":22,"column":null}}},"2":{"name":"(anonymous_10)","decl":{"start":{"line":24,"column":8},"end":{"line":24,"column":15}},"loc":{"start":{"line":24,"column":43},"end":{"line":32,"column":null}}},"3":{"name":"(anonymous_12)","decl":{"start":{"line":34,"column":8},"end":{"line":34,"column":12}},"loc":{"start":{"line":34,"column":40},"end":{"line":43,"column":null}}},"4":{"name":"(anonymous_14)","decl":{"start":{"line":45,"column":8},"end":{"line":45,"column":14}},"loc":{"start":{"line":45,"column":42},"end":{"line":48,"column":null}}},"5":{"name":"(anonymous_16)","decl":{"start":{"line":49,"column":8},"end":{"line":49,"column":14}},"loc":{"start":{"line":49,"column":42},"end":{"line":52,"column":null}}},"6":{"name":"(anonymous_18)","decl":{"start":{"line":54,"column":25},"end":{"line":54,"column":37}},"loc":{"start":{"line":54,"column":64},"end":{"line":56,"column":1}}}},"branchMap":{"0":{"loc":{"start":{"line":12,"column":6},"end":{"line":18,"column":7}},"type":"if","locations":[{"start":{"line":12,"column":6},"end":{"line":18,"column":7}},{"start":{"line":15,"column":13},"end":{"line":18,"column":7}}]}},"s":{"0":4,"1":6,"2":6,"3":6,"4":0,"5":0,"6":6,"7":6,"8":0,"9":2,"10":2,"11":2,"12":2,"13":0,"14":5,"15":5,"16":5,"17":4,"18":1,"19":1,"20":0,"21":0,"22":0,"23":0,"24":2,"25":4,"26":2},"f":{"0":4,"1":6,"2":2,"3":5,"4":0,"5":0,"6":4},"b":{"0":[0,6]}}
,"C:\\Users\\dorso\\WebProjects\\AndroidProject\\New folder\\ShoesLovers\\src\\controllers\\user_controller.ts": {"path":"C:\\Users\\dorso\\WebProjects\\AndroidProject\\New folder\\ShoesLovers\\src\\controllers\\user_controller.ts","statementMap":{"0":{"start":{"line":1,"column":0},"end":{"line":1,"column":56}},"1":{"start":{"line":3,"column":0},"end":{"line":3,"column":49}},"2":{"start":{"line":5,"column":23},"end":{"line":5,"column":57}},"3":{"start":{"line":7,"column":0},"end":{"line":7,"column":30}}},"fnMap":{},"branchMap":{},"s":{"0":2,"1":2,"2":2,"3":2},"f":{},"b":{}}
,"C:\\Users\\dorso\\WebProjects\\AndroidProject\\New folder\\ShoesLovers\\src\\controllers\\user_post_controller.ts": {"path":"C:\\Users\\dorso\\WebProjects\\AndroidProject\\New folder\\ShoesLovers\\src\\controllers\\user_post_controller.ts","statementMap":{"0":{"start":{"line":1,"column":0},"end":{"line":1,"column":69}},"1":{"start":{"line":2,"column":0},"end":{"line":2,"column":49}},"2":{"start":{"line":4,"column":27},"end":{"line":4,"column":69}},"3":{"start":{"line":6,"column":0},"end":{"line":6,"column":34}}},"fnMap":{},"branchMap":{},"s":{"0":2,"1":2,"2":2,"3":2},"f":{},"b":{}}
,"C:\\Users\\dorso\\WebProjects\\AndroidProject\\New folder\\ShoesLovers\\src\\models\\user_model.ts": {"path":"C:\\Users\\dorso\\WebProjects\\AndroidProject\\New folder\\ShoesLovers\\src\\models\\user_model.ts","statementMap":{"0":{"start":{"line":1,"column":0},"end":{"line":1,"column":32}},"1":{"start":{"line":7,"column":19},"end":{"line":15,"column":2}},"2":{"start":{"line":17,"column":0},"end":{"line":17,"column":57}}},"fnMap":{},"branchMap":{},"s":{"0":2,"1":2,"2":2},"f":{},"b":{}}
,"C:\\Users\\dorso\\WebProjects\\AndroidProject\\New folder\\ShoesLovers\\src\\models\\user_post_model.ts": {"path":"C:\\Users\\dorso\\WebProjects\\AndroidProject\\New folder\\ShoesLovers\\src\\models\\user_post_model.ts","statementMap":{"0":{"start":{"line":1,"column":0},"end":{"line":1,"column":32}},"1":{"start":{"line":8,"column":23},"end":{"line":21,"column":2}},"2":{"start":{"line":23,"column":0},"end":{"line":23,"column":69}}},"fnMap":{},"branchMap":{},"s":{"0":2,"1":2,"2":2},"f":{},"b":{}}
,"C:\\Users\\dorso\\WebProjects\\AndroidProject\\New folder\\ShoesLovers\\src\\routes\\user_post_route.ts": {"path":"C:\\Users\\dorso\\WebProjects\\AndroidProject\\New folder\\ShoesLovers\\src\\routes\\user_post_route.ts","statementMap":{"0":{"start":{"line":1,"column":0},"end":{"line":1,"column":30}},"1":{"start":{"line":2,"column":0},"end":{"line":2,"column":69}},"2":{"start":{"line":3,"column":15},"end":{"line":3,"column":31}},"3":{"start":{"line":7,"column":0},"end":{"line":7,"column":68}},"4":{"start":{"line":8,"column":0},"end":{"line":8,"column":72}},"5":{"start":{"line":10,"column":0},"end":{"line":10,"column":67}},"6":{"start":{"line":12,"column":0},"end":{"line":12,"column":71}},"7":{"start":{"line":14,"column":0},"end":{"line":14,"column":74}},"8":{"start":{"line":16,"column":0},"end":{"line":16,"column":16}}},"fnMap":{},"branchMap":{},"s":{"0":2,"1":2,"2":2,"3":2,"4":2,"5":2,"6":2,"7":2,"8":2},"f":{},"b":{}}
,"C:\\Users\\dorso\\WebProjects\\AndroidProject\\New folder\\ShoesLovers\\src\\routes\\user_route.ts": {"path":"C:\\Users\\dorso\\WebProjects\\AndroidProject\\New folder\\ShoesLovers\\src\\routes\\user_route.ts","statementMap":{"0":{"start":{"line":1,"column":0},"end":{"line":1,"column":30}},"1":{"start":{"line":2,"column":0},"end":{"line":2,"column":60}},"2":{"start":{"line":3,"column":15},"end":{"line":3,"column":31}},"3":{"start":{"line":5,"column":0},"end":{"line":5,"column":60}},"4":{"start":{"line":6,"column":0},"end":{"line":6,"column":64}},"5":{"start":{"line":8,"column":0},"end":{"line":8,"column":59}},"6":{"start":{"line":10,"column":0},"end":{"line":10,"column":63}},"7":{"start":{"line":12,"column":0},"end":{"line":12,"column":66}},"8":{"start":{"line":14,"column":0},"end":{"line":14,"column":16}}},"fnMap":{},"branchMap":{},"s":{"0":2,"1":2,"2":2,"3":2,"4":2,"5":2,"6":2,"7":2,"8":2},"f":{},"b":{}}
}
