{"C:\\Users\\97254\\OneDrive\\Desktop\\ShoesLovers\\src\\app.ts": {"path":"C:\\Users\\97254\\OneDrive\\Desktop\\ShoesLovers\\src\\app.ts","statementMap":{"0":{"start":{"line":1,"column":0},"end":{"line":1,"column":42}},"1":{"start":{"line":2,"column":12},"end":{"line":2,"column":21}},"2":{"start":{"line":3,"column":0},"end":{"line":3,"column":27}},"3":{"start":{"line":4,"column":0},"end":{"line":4,"column":null}},"4":{"start":{"line":5,"column":0},"end":{"line":5,"column":31}},"5":{"start":{"line":6,"column":0},"end":{"line":6,"column":36}},"6":{"start":{"line":7,"column":0},"end":{"line":7,"column":47}},"7":{"start":{"line":8,"column":0},"end":{"line":8,"column":43}},"8":{"start":{"line":9,"column":0},"end":{"line":9,"column":49}},"9":{"start":{"line":10,"column":0},"end":{"line":10,"column":49}},"10":{"start":{"line":12,"column":16},"end":{"line":32,"column":1}},"11":{"start":{"line":13,"column":13},"end":{"line":13,"column":32}},"12":{"start":{"line":14,"column":2},"end":{"line":14,"column":null}},"13":{"start":{"line":14,"column":26},"end":{"line":14,"column":46}},"14":{"start":{"line":15,"column":2},"end":{"line":15,"column":null}},"15":{"start":{"line":15,"column":24},"end":{"line":15,"column":60}},"16":{"start":{"line":16,"column":2},"end":{"line":31,"column":null}},"17":{"start":{"line":17,"column":4},"end":{"line":30,"column":null}},"18":{"start":{"line":20,"column":8},"end":{"line":20,"column":null}},"19":{"start":{"line":21,"column":8},"end":{"line":21,"column":null}},"20":{"start":{"line":22,"column":8},"end":{"line":22,"column":null}},"21":{"start":{"line":23,"column":8},"end":{"line":23,"column":null}},"22":{"start":{"line":24,"column":8},"end":{"line":24,"column":null}},"23":{"start":{"line":25,"column":8},"end":{"line":25,"column":null}},"24":{"start":{"line":26,"column":8},"end":{"line":26,"column":null}},"25":{"start":{"line":29,"column":8},"end":{"line":29,"column":null}},"26":{"start":{"line":33,"column":0},"end":{"line":33,"column":null}}},"fnMap":{"0":{"name":"(anonymous_1)","decl":{"start":{"line":12,"column":16},"end":{"line":12,"column":19}},"loc":{"start":{"line":12,"column":21},"end":{"line":32,"column":1}}},"1":{"name":"(anonymous_2)","decl":{"start":{"line":14,"column":17},"end":{"line":14,"column":22}},"loc":{"start":{"line":14,"column":26},"end":{"line":14,"column":46}}},"2":{"name":"(anonymous_3)","decl":{"start":{"line":15,"column":18},"end":{"line":15,"column":21}},"loc":{"start":{"line":15,"column":24},"end":{"line":15,"column":60}}},"3":{"name":"(anonymous_4)","decl":{"start":{"line":16,"column":30},"end":{"line":16,"column":31}},"loc":{"start":{"line":16,"column":50},"end":{"line":31,"column":3}}},"4":{"name":"(anonymous_5)","decl":{"start":{"line":19,"column":12},"end":{"line":19,"column":15}},"loc":{"start":{"line":19,"column":17},"end":{"line":27,"column":7}}},"5":{"name":"(anonymous_6)","decl":{"start":{"line":28,"column":13},"end":{"line":28,"column":16}},"loc":{"start":{"line":28,"column":19},"end":{"line":30,"column":7}}}},"branchMap":{},"s":{"0":1,"1":1,"2":1,"3":1,"4":1,"5":1,"6":1,"7":1,"8":1,"9":1,"10":1,"11":1,"12":1,"13":0,"14":1,"15":1,"16":1,"17":1,"18":1,"19":1,"20":1,"21":1,"22":1,"23":1,"24":1,"25":0,"26":1},"f":{"0":1,"1":0,"2":1,"3":1,"4":1,"5":0},"b":{}}
,"C:\\Users\\97254\\OneDrive\\Desktop\\ShoesLovers\\src\\controllers\\account_controller.ts": {"path":"C:\\Users\\97254\\OneDrive\\Desktop\\ShoesLovers\\src\\controllers\\account_controller.ts","statementMap":{"0":{"start":{"line":2,"column":0},"end":{"line":2,"column":63}},"1":{"start":{"line":3,"column":0},"end":{"line":3,"column":50}},"2":{"start":{"line":7,"column":4},"end":{"line":7,"column":null}},"3":{"start":{"line":10,"column":4},"end":{"line":10,"column":null}},"4":{"start":{"line":11,"column":4},"end":{"line":21,"column":5}},"5":{"start":{"line":12,"column":22},"end":{"line":12,"column":64}},"6":{"start":{"line":13,"column":6},"end":{"line":18,"column":7}},"7":{"start":{"line":14,"column":8},"end":{"line":14,"column":null}},"8":{"start":{"line":16,"column":8},"end":{"line":16,"column":null}},"9":{"start":{"line":17,"column":8},"end":{"line":17,"column":null}},"10":{"start":{"line":20,"column":6},"end":{"line":20,"column":null}},"11":{"start":{"line":25,"column":4},"end":{"line":38,"column":5}},"12":{"start":{"line":26,"column":22},"end":{"line":26,"column":64}},"13":{"start":{"line":27,"column":6},"end":{"line":32,"column":7}},"14":{"start":{"line":28,"column":8},"end":{"line":30,"column":9}},"15":{"start":{"line":29,"column":10},"end":{"line":29,"column":null}},"16":{"start":{"line":31,"column":8},"end":{"line":31,"column":null}},"17":{"start":{"line":33,"column":6},"end":{"line":33,"column":null}},"18":{"start":{"line":34,"column":6},"end":{"line":34,"column":null}},"19":{"start":{"line":35,"column":6},"end":{"line":35,"column":null}},"20":{"start":{"line":37,"column":6},"end":{"line":37,"column":null}},"21":{"start":{"line":42,"column":0},"end":{"line":42,"column":null}}},"fnMap":{"0":{"name":"(anonymous_8)","decl":{"start":{"line":6,"column":2},"end":{"line":6,"column":null}},"loc":{"start":{"line":6,"column":2},"end":{"line":8,"column":3}}},"1":{"name":"(anonymous_9)","decl":{"start":{"line":9,"column":8},"end":{"line":9,"column":25}},"loc":{"start":{"line":9,"column":53},"end":{"line":22,"column":null}}},"2":{"name":"(anonymous_11)","decl":{"start":{"line":24,"column":8},"end":{"line":24,"column":18}},"loc":{"start":{"line":24,"column":46},"end":{"line":39,"column":null}}}},"branchMap":{"0":{"loc":{"start":{"line":13,"column":6},"end":{"line":18,"column":7}},"type":"if","locations":[{"start":{"line":13,"column":6},"end":{"line":18,"column":7}},{"start":{"line":15,"column":13},"end":{"line":18,"column":7}}]},"1":{"loc":{"start":{"line":27,"column":6},"end":{"line":32,"column":7}},"type":"if","locations":[{"start":{"line":27,"column":6},"end":{"line":32,"column":7}}]}},"s":{"0":1,"1":1,"2":1,"3":0,"4":0,"5":0,"6":0,"7":0,"8":0,"9":0,"10":0,"11":0,"12":0,"13":0,"14":0,"15":0,"16":0,"17":0,"18":0,"19":0,"20":0,"21":1},"f":{"0":1,"1":0,"2":0},"b":{"0":[0,0],"1":[0]}}
,"C:\\Users\\97254\\OneDrive\\Desktop\\ShoesLovers\\src\\controllers\\auth_controller.ts": {"path":"C:\\Users\\97254\\OneDrive\\Desktop\\ShoesLovers\\src\\controllers\\auth_controller.ts","statementMap":{"0":{"start":{"line":2,"column":0},"end":{"line":2,"column":44}},"1":{"start":{"line":3,"column":0},"end":{"line":3,"column":27}},"2":{"start":{"line":4,"column":0},"end":{"line":4,"column":30}},"3":{"start":{"line":6,"column":17},"end":{"line":29,"column":null}},"4":{"start":{"line":6,"column":55},"end":{"line":29,"column":null}},"5":{"start":{"line":7,"column":2},"end":{"line":7,"column":null}},"6":{"start":{"line":8,"column":36},"end":{"line":8,"column":44}},"7":{"start":{"line":10,"column":2},"end":{"line":12,"column":3}},"8":{"start":{"line":11,"column":4},"end":{"line":11,"column":null}},"9":{"start":{"line":14,"column":2},"end":{"line":28,"column":3}},"10":{"start":{"line":15,"column":25},"end":{"line":15,"column":57}},"11":{"start":{"line":16,"column":4},"end":{"line":18,"column":5}},"12":{"start":{"line":17,"column":6},"end":{"line":17,"column":null}},"13":{"start":{"line":19,"column":30},"end":{"line":19,"column":61}},"14":{"start":{"line":20,"column":23},"end":{"line":24,"column":6}},"15":{"start":{"line":25,"column":4},"end":{"line":25,"column":null}},"16":{"start":{"line":27,"column":4},"end":{"line":27,"column":null}},"17":{"start":{"line":31,"column":14},"end":{"line":74,"column":null}},"18":{"start":{"line":31,"column":52},"end":{"line":74,"column":null}},"19":{"start":{"line":32,"column":2},"end":{"line":32,"column":null}},"20":{"start":{"line":33,"column":30},"end":{"line":33,"column":38}},"21":{"start":{"line":35,"column":2},"end":{"line":38,"column":3}},"22":{"start":{"line":36,"column":4},"end":{"line":36,"column":null}},"23":{"start":{"line":37,"column":4},"end":{"line":37,"column":null}},"24":{"start":{"line":39,"column":2},"end":{"line":73,"column":3}},"25":{"start":{"line":40,"column":20},"end":{"line":40,"column":52}},"26":{"start":{"line":41,"column":4},"end":{"line":44,"column":5}},"27":{"start":{"line":42,"column":6},"end":{"line":42,"column":null}},"28":{"start":{"line":43,"column":6},"end":{"line":43,"column":null}},"29":{"start":{"line":46,"column":20},"end":{"line":46,"column":68}},"30":{"start":{"line":47,"column":4},"end":{"line":49,"column":5}},"31":{"start":{"line":48,"column":6},"end":{"line":48,"column":null}},"32":{"start":{"line":51,"column":24},"end":{"line":53,"column":6}},"33":{"start":{"line":55,"column":25},"end":{"line":57,"column":null}},"34":{"start":{"line":60,"column":4},"end":{"line":64,"column":5}},"35":{"start":{"line":61,"column":6},"end":{"line":61,"column":null}},"36":{"start":{"line":63,"column":6},"end":{"line":63,"column":null}},"37":{"start":{"line":65,"column":4},"end":{"line":65,"column":null}},"38":{"start":{"line":66,"column":4},"end":{"line":69,"column":null}},"39":{"start":{"line":71,"column":4},"end":{"line":71,"column":null}},"40":{"start":{"line":72,"column":4},"end":{"line":72,"column":null}},"41":{"start":{"line":76,"column":15},"end":{"line":109,"column":null}},"42":{"start":{"line":76,"column":53},"end":{"line":109,"column":null}},"43":{"start":{"line":77,"column":21},"end":{"line":77,"column":49}},"44":{"start":{"line":78,"column":23},"end":{"line":78,"column":61}},"45":{"start":{"line":80,"column":2},"end":{"line":80,"column":null}},"46":{"start":{"line":80,"column":21},"end":{"line":80,"column":null}},"47":{"start":{"line":82,"column":2},"end":{"line":108,"column":null}},"48":{"start":{"line":85,"column":41},"end":{"line":107,"column":null}},"49":{"start":{"line":86,"column":6},"end":{"line":86,"column":null}},"50":{"start":{"line":87,"column":6},"end":{"line":87,"column":null}},"51":{"start":{"line":87,"column":15},"end":{"line":87,"column":null}},"52":{"start":{"line":88,"column":6},"end":{"line":106,"column":7}},"53":{"start":{"line":89,"column":23},"end":{"line":89,"column":63}},"54":{"start":{"line":90,"column":8},"end":{"line":103,"column":9}},"55":{"start":{"line":94,"column":10},"end":{"line":94,"column":null}},"56":{"start":{"line":95,"column":10},"end":{"line":95,"column":null}},"57":{"start":{"line":96,"column":10},"end":{"line":96,"column":null}},"58":{"start":{"line":98,"column":10},"end":{"line":100,"column":null}},"59":{"start":{"line":99,"column":17},"end":{"line":99,"column":35}},"60":{"start":{"line":101,"column":10},"end":{"line":101,"column":null}},"61":{"start":{"line":102,"column":10},"end":{"line":102,"column":null}},"62":{"start":{"line":105,"column":8},"end":{"line":105,"column":null}},"63":{"start":{"line":110,"column":16},"end":{"line":156,"column":null}},"64":{"start":{"line":110,"column":54},"end":{"line":156,"column":null}},"65":{"start":{"line":111,"column":21},"end":{"line":111,"column":49}},"66":{"start":{"line":112,"column":23},"end":{"line":112,"column":61}},"67":{"start":{"line":113,"column":2},"end":{"line":113,"column":null}},"68":{"start":{"line":113,"column":21},"end":{"line":113,"column":null}},"69":{"start":{"line":115,"column":2},"end":{"line":155,"column":null}},"70":{"start":{"line":118,"column":41},"end":{"line":154,"column":null}},"71":{"start":{"line":119,"column":6},"end":{"line":122,"column":7}},"72":{"start":{"line":120,"column":8},"end":{"line":120,"column":null}},"73":{"start":{"line":121,"column":8},"end":{"line":121,"column":null}},"74":{"start":{"line":123,"column":6},"end":{"line":153,"column":7}},"75":{"start":{"line":124,"column":23},"end":{"line":124,"column":63}},"76":{"start":{"line":125,"column":8},"end":{"line":132,"column":9}},"77":{"start":{"line":129,"column":10},"end":{"line":129,"column":null}},"78":{"start":{"line":130,"column":10},"end":{"line":130,"column":null}},"79":{"start":{"line":131,"column":10},"end":{"line":131,"column":null}},"80":{"start":{"line":133,"column":28},"end":{"line":136,"column":null}},"81":{"start":{"line":138,"column":32},"end":{"line":140,"column":null}},"82":{"start":{"line":142,"column":8},"end":{"line":144,"column":null}},"83":{"start":{"line":143,"column":15},"end":{"line":143,"column":33}},"84":{"start":{"line":145,"column":8},"end":{"line":145,"column":null}},"85":{"start":{"line":146,"column":8},"end":{"line":146,"column":null}},"86":{"start":{"line":147,"column":8},"end":{"line":150,"column":null}},"87":{"start":{"line":152,"column":8},"end":{"line":152,"column":null}},"88":{"start":{"line":158,"column":0},"end":{"line":163,"column":null}}},"fnMap":{"0":{"name":"(anonymous_8)","decl":{"start":{"line":6,"column":17},"end":{"line":6,"column":24}},"loc":{"start":{"line":6,"column":55},"end":{"line":29,"column":null}}},"1":{"name":"(anonymous_9)","decl":{"start":{"line":6,"column":55},"end":{"line":6,"column":null}},"loc":{"start":{"line":6,"column":55},"end":{"line":29,"column":1}}},"2":{"name":"(anonymous_10)","decl":{"start":{"line":31,"column":14},"end":{"line":31,"column":21}},"loc":{"start":{"line":31,"column":52},"end":{"line":74,"column":null}}},"3":{"name":"(anonymous_11)","decl":{"start":{"line":31,"column":52},"end":{"line":31,"column":null}},"loc":{"start":{"line":31,"column":52},"end":{"line":74,"column":1}}},"4":{"name":"(anonymous_12)","decl":{"start":{"line":76,"column":15},"end":{"line":76,"column":22}},"loc":{"start":{"line":76,"column":53},"end":{"line":109,"column":null}}},"5":{"name":"(anonymous_13)","decl":{"start":{"line":76,"column":53},"end":{"line":76,"column":null}},"loc":{"start":{"line":76,"column":53},"end":{"line":109,"column":1}}},"6":{"name":"(anonymous_14)","decl":{"start":{"line":85,"column":4},"end":{"line":85,"column":11}},"loc":{"start":{"line":85,"column":41},"end":{"line":107,"column":null}}},"7":{"name":"(anonymous_15)","decl":{"start":{"line":85,"column":41},"end":{"line":85,"column":null}},"loc":{"start":{"line":85,"column":41},"end":{"line":107,"column":5}}},"8":{"name":"(anonymous_16)","decl":{"start":{"line":99,"column":12},"end":{"line":99,"column":13}},"loc":{"start":{"line":99,"column":17},"end":{"line":99,"column":35}}},"9":{"name":"(anonymous_17)","decl":{"start":{"line":110,"column":16},"end":{"line":110,"column":23}},"loc":{"start":{"line":110,"column":54},"end":{"line":156,"column":null}}},"10":{"name":"(anonymous_18)","decl":{"start":{"line":110,"column":54},"end":{"line":110,"column":null}},"loc":{"start":{"line":110,"column":54},"end":{"line":156,"column":1}}},"11":{"name":"(anonymous_19)","decl":{"start":{"line":118,"column":4},"end":{"line":118,"column":11}},"loc":{"start":{"line":118,"column":41},"end":{"line":154,"column":null}}},"12":{"name":"(anonymous_20)","decl":{"start":{"line":118,"column":41},"end":{"line":118,"column":null}},"loc":{"start":{"line":118,"column":41},"end":{"line":154,"column":5}}},"13":{"name":"(anonymous_21)","decl":{"start":{"line":143,"column":10},"end":{"line":143,"column":11}},"loc":{"start":{"line":143,"column":15},"end":{"line":143,"column":33}}}},"branchMap":{"0":{"loc":{"start":{"line":10,"column":2},"end":{"line":12,"column":3}},"type":"if","locations":[{"start":{"line":10,"column":2},"end":{"line":12,"column":3}}]},"1":{"loc":{"start":{"line":10,"column":6},"end":{"line":10,"column":34}},"type":"binary-expr","locations":[{"start":{"line":10,"column":6},"end":{"line":10,"column":12}},{"start":{"line":10,"column":16},"end":{"line":10,"column":25}},{"start":{"line":10,"column":29},"end":{"line":10,"column":34}}]},"2":{"loc":{"start":{"line":16,"column":4},"end":{"line":18,"column":5}},"type":"if","locations":[{"start":{"line":16,"column":4},"end":{"line":18,"column":5}}]},"3":{"loc":{"start":{"line":35,"column":2},"end":{"line":38,"column":3}},"type":"if","locations":[{"start":{"line":35,"column":2},"end":{"line":38,"column":3}}]},"4":{"loc":{"start":{"line":35,"column":6},"end":{"line":35,"column":25}},"type":"binary-expr","locations":[{"start":{"line":35,"column":6},"end":{"line":35,"column":12}},{"start":{"line":35,"column":16},"end":{"line":35,"column":25}}]},"5":{"loc":{"start":{"line":41,"column":4},"end":{"line":44,"column":5}},"type":"if","locations":[{"start":{"line":41,"column":4},"end":{"line":44,"column":5}}]},"6":{"loc":{"start":{"line":47,"column":4},"end":{"line":49,"column":5}},"type":"if","locations":[{"start":{"line":47,"column":4},"end":{"line":49,"column":5}}]},"7":{"loc":{"start":{"line":60,"column":4},"end":{"line":64,"column":5}},"type":"if","locations":[{"start":{"line":60,"column":4},"end":{"line":64,"column":5}},{"start":{"line":62,"column":11},"end":{"line":64,"column":5}}]},"8":{"loc":{"start":{"line":78,"column":23},"end":{"line":78,"column":61}},"type":"binary-expr","locations":[{"start":{"line":78,"column":23},"end":{"line":78,"column":33}},{"start":{"line":78,"column":37},"end":{"line":78,"column":61}}]},"9":{"loc":{"start":{"line":80,"column":2},"end":{"line":80,"column":null}},"type":"if","locations":[{"start":{"line":80,"column":2},"end":{"line":80,"column":null}}]},"10":{"loc":{"start":{"line":87,"column":6},"end":{"line":87,"column":null}},"type":"if","locations":[{"start":{"line":87,"column":6},"end":{"line":87,"column":null}}]},"11":{"loc":{"start":{"line":90,"column":8},"end":{"line":103,"column":9}},"type":"if","locations":[{"start":{"line":90,"column":8},"end":{"line":103,"column":9}},{"start":{"line":97,"column":15},"end":{"line":103,"column":9}}]},"12":{"loc":{"start":{"line":91,"column":10},"end":{"line":92,"column":54}},"type":"binary-expr","locations":[{"start":{"line":91,"column":10},"end":{"line":91,"column":31}},{"start":{"line":92,"column":10},"end":{"line":92,"column":54}}]},"13":{"loc":{"start":{"line":112,"column":23},"end":{"line":112,"column":61}},"type":"binary-expr","locations":[{"start":{"line":112,"column":23},"end":{"line":112,"column":33}},{"start":{"line":112,"column":37},"end":{"line":112,"column":61}}]},"14":{"loc":{"start":{"line":113,"column":2},"end":{"line":113,"column":null}},"type":"if","locations":[{"start":{"line":113,"column":2},"end":{"line":113,"column":null}}]},"15":{"loc":{"start":{"line":119,"column":6},"end":{"line":122,"column":7}},"type":"if","locations":[{"start":{"line":119,"column":6},"end":{"line":122,"column":7}}]},"16":{"loc":{"start":{"line":125,"column":8},"end":{"line":132,"column":9}},"type":"if","locations":[{"start":{"line":125,"column":8},"end":{"line":132,"column":9}}]},"17":{"loc":{"start":{"line":126,"column":10},"end":{"line":127,"column":54}},"type":"binary-expr","locations":[{"start":{"line":126,"column":10},"end":{"line":126,"column":31}},{"start":{"line":127,"column":10},"end":{"line":127,"column":54}}]}},"s":{"0":1,"1":1,"2":1,"3":1,"4":1,"5":1,"6":1,"7":1,"8":0,"9":1,"10":1,"11":1,"12":0,"13":1,"14":1,"15":1,"16":0,"17":1,"18":1,"19":1,"20":1,"21":1,"22":0,"23":0,"24":1,"25":1,"26":1,"27":0,"28":0,"29":1,"30":1,"31":0,"32":1,"33":1,"34":1,"35":0,"36":1,"37":1,"38":1,"39":0,"40":0,"41":1,"42":0,"43":0,"44":0,"45":0,"46":0,"47":0,"48":0,"49":0,"50":0,"51":0,"52":0,"53":0,"54":0,"55":0,"56":0,"57":0,"58":0,"59":0,"60":0,"61":0,"62":0,"63":1,"64":0,"65":0,"66":0,"67":0,"68":0,"69":0,"70":0,"71":0,"72":0,"73":0,"74":0,"75":0,"76":0,"77":0,"78":0,"79":0,"80":0,"81":0,"82":0,"83":0,"84":0,"85":0,"86":0,"87":0,"88":1},"f":{"0":1,"1":1,"2":1,"3":1,"4":0,"5":0,"6":0,"7":0,"8":0,"9":0,"10":0,"11":0,"12":0,"13":0},"b":{"0":[0],"1":[1,1,1],"2":[0],"3":[0],"4":[1,1],"5":[0],"6":[0],"7":[0,1],"8":[0,0],"9":[0],"10":[0],"11":[0,0],"12":[0,0],"13":[0,0],"14":[0],"15":[0],"16":[0],"17":[0,0]}}
,"C:\\Users\\97254\\OneDrive\\Desktop\\ShoesLovers\\src\\controllers\\auth_middleware.ts": {"path":"C:\\Users\\97254\\OneDrive\\Desktop\\ShoesLovers\\src\\controllers\\auth_middleware.ts","statementMap":{"0":{"start":{"line":1,"column":0},"end":{"line":1,"column":30}},"1":{"start":{"line":9,"column":23},"end":{"line":33,"column":1}},"2":{"start":{"line":14,"column":2},"end":{"line":32,"column":3}},"3":{"start":{"line":15,"column":23},"end":{"line":15,"column":51}},"4":{"start":{"line":16,"column":18},"end":{"line":16,"column":56}},"5":{"start":{"line":17,"column":4},"end":{"line":19,"column":5}},"6":{"start":{"line":18,"column":6},"end":{"line":18,"column":null}},"7":{"start":{"line":21,"column":4},"end":{"line":28,"column":null}},"8":{"start":{"line":21,"column":66},"end":{"line":28,"column":6}},"9":{"start":{"line":22,"column":6},"end":{"line":25,"column":7}},"10":{"start":{"line":23,"column":8},"end":{"line":23,"column":null}},"11":{"start":{"line":24,"column":8},"end":{"line":24,"column":null}},"12":{"start":{"line":26,"column":6},"end":{"line":26,"column":null}},"13":{"start":{"line":27,"column":6},"end":{"line":27,"column":null}},"14":{"start":{"line":30,"column":4},"end":{"line":30,"column":null}},"15":{"start":{"line":31,"column":4},"end":{"line":31,"column":null}},"16":{"start":{"line":35,"column":0},"end":{"line":35,"column":null}}},"fnMap":{"0":{"name":"(anonymous_8)","decl":{"start":{"line":9,"column":23},"end":{"line":9,"column":null}},"loc":{"start":{"line":13,"column":4},"end":{"line":33,"column":1}}},"1":{"name":"(anonymous_9)","decl":{"start":{"line":21,"column":46},"end":{"line":21,"column":53}},"loc":{"start":{"line":21,"column":66},"end":{"line":28,"column":6}}},"2":{"name":"(anonymous_10)","decl":{"start":{"line":21,"column":66},"end":{"line":21,"column":null}},"loc":{"start":{"line":21,"column":66},"end":{"line":28,"column":5}}}},"branchMap":{"0":{"loc":{"start":{"line":16,"column":18},"end":{"line":16,"column":56}},"type":"binary-expr","locations":[{"start":{"line":16,"column":18},"end":{"line":16,"column":28}},{"start":{"line":16,"column":32},"end":{"line":16,"column":56}}]},"1":{"loc":{"start":{"line":17,"column":4},"end":{"line":19,"column":5}},"type":"if","locations":[{"start":{"line":17,"column":4},"end":{"line":19,"column":5}}]},"2":{"loc":{"start":{"line":17,"column":8},"end":{"line":17,"column":29}},"type":"binary-expr","locations":[{"start":{"line":17,"column":8},"end":{"line":17,"column":14}},{"start":{"line":17,"column":18},"end":{"line":17,"column":29}}]},"3":{"loc":{"start":{"line":22,"column":6},"end":{"line":25,"column":7}},"type":"if","locations":[{"start":{"line":22,"column":6},"end":{"line":25,"column":7}}]}},"s":{"0":1,"1":1,"2":2,"3":2,"4":2,"5":2,"6":0,"7":2,"8":2,"9":2,"10":0,"11":0,"12":2,"13":2,"14":0,"15":0,"16":1},"f":{"0":2,"1":2,"2":2},"b":{"0":[2,2],"1":[0],"2":[2,2],"3":[0]}}
,"C:\\Users\\97254\\OneDrive\\Desktop\\ShoesLovers\\src\\controllers\\base_controller.ts": {"path":"C:\\Users\\97254\\OneDrive\\Desktop\\ShoesLovers\\src\\controllers\\base_controller.ts","statementMap":{"0":{"start":{"line":7,"column":4},"end":{"line":7,"column":null}},"1":{"start":{"line":10,"column":4},"end":{"line":10,"column":null}},"2":{"start":{"line":11,"column":4},"end":{"line":16,"column":5}},"3":{"start":{"line":12,"column":20},"end":{"line":12,"column":43}},"4":{"start":{"line":13,"column":6},"end":{"line":13,"column":null}},"5":{"start":{"line":15,"column":6},"end":{"line":15,"column":null}},"6":{"start":{"line":20,"column":4},"end":{"line":20,"column":null}},"7":{"start":{"line":21,"column":4},"end":{"line":26,"column":5}},"8":{"start":{"line":22,"column":19},"end":{"line":22,"column":59}},"9":{"start":{"line":23,"column":6},"end":{"line":23,"column":null}},"10":{"start":{"line":25,"column":6},"end":{"line":25,"column":null}},"11":{"start":{"line":30,"column":4},"end":{"line":30,"column":null}},"12":{"start":{"line":31,"column":4},"end":{"line":38,"column":5}},"13":{"start":{"line":32,"column":6},"end":{"line":32,"column":null}},"14":{"start":{"line":33,"column":18},"end":{"line":33,"column":58}},"15":{"start":{"line":34,"column":6},"end":{"line":34,"column":null}},"16":{"start":{"line":36,"column":6},"end":{"line":36,"column":null}},"17":{"start":{"line":37,"column":6},"end":{"line":37,"column":null}},"18":{"start":{"line":41,"column":4},"end":{"line":41,"column":null}},"19":{"start":{"line":42,"column":4},"end":{"line":48,"column":5}},"20":{"start":{"line":43,"column":6},"end":{"line":43,"column":null}},"21":{"start":{"line":44,"column":6},"end":{"line":44,"column":null}},"22":{"start":{"line":46,"column":6},"end":{"line":46,"column":null}},"23":{"start":{"line":47,"column":6},"end":{"line":47,"column":null}},"24":{"start":{"line":4,"column":0},"end":{"line":4,"column":13}},"25":{"start":{"line":51,"column":25},"end":{"line":53,"column":1}},"26":{"start":{"line":52,"column":2},"end":{"line":52,"column":null}},"27":{"start":{"line":54,"column":0},"end":{"line":54,"column":null}}},"fnMap":{"0":{"name":"(anonymous_7)","decl":{"start":{"line":6,"column":2},"end":{"line":6,"column":14}},"loc":{"start":{"line":6,"column":37},"end":{"line":8,"column":3}}},"1":{"name":"(anonymous_8)","decl":{"start":{"line":9,"column":8},"end":{"line":9,"column":14}},"loc":{"start":{"line":9,"column":42},"end":{"line":17,"column":null}}},"2":{"name":"(anonymous_10)","decl":{"start":{"line":19,"column":8},"end":{"line":19,"column":15}},"loc":{"start":{"line":19,"column":43},"end":{"line":27,"column":null}}},"3":{"name":"(anonymous_12)","decl":{"start":{"line":29,"column":8},"end":{"line":29,"column":18}},"loc":{"start":{"line":29,"column":46},"end":{"line":39,"column":null}}},"4":{"name":"(anonymous_14)","decl":{"start":{"line":40,"column":8},"end":{"line":40,"column":18}},"loc":{"start":{"line":40,"column":46},"end":{"line":49,"column":null}}},"5":{"name":"(anonymous_16)","decl":{"start":{"line":51,"column":25},"end":{"line":51,"column":37}},"loc":{"start":{"line":51,"column":64},"end":{"line":53,"column":1}}}},"branchMap":{},"s":{"0":3,"1":0,"2":0,"3":0,"4":0,"5":0,"6":0,"7":0,"8":0,"9":0,"10":0,"11":0,"12":0,"13":0,"14":0,"15":0,"16":0,"17":0,"18":0,"19":0,"20":0,"21":0,"22":0,"23":0,"24":1,"25":1,"26":0,"27":1},"f":{"0":3,"1":0,"2":0,"3":0,"4":0,"5":0},"b":{}}
,"C:\\Users\\97254\\OneDrive\\Desktop\\ShoesLovers\\src\\controllers\\commentController.ts": {"path":"C:\\Users\\97254\\OneDrive\\Desktop\\ShoesLovers\\src\\controllers\\commentController.ts","statementMap":{"0":{"start":{"line":2,"column":0},"end":{"line":2,"column":63}},"1":{"start":{"line":3,"column":0},"end":{"line":3,"column":50}},"2":{"start":{"line":4,"column":0},"end":{"line":4,"column":49}},"3":{"start":{"line":6,"column":0},"end":{"line":6,"column":43}},"4":{"start":{"line":10,"column":4},"end":{"line":10,"column":null}},"5":{"start":{"line":15,"column":4},"end":{"line":15,"column":null}},"6":{"start":{"line":16,"column":4},"end":{"line":38,"column":5}},"7":{"start":{"line":17,"column":35},"end":{"line":21,"column":null}},"8":{"start":{"line":23,"column":32},"end":{"line":23,"column":67}},"9":{"start":{"line":24,"column":26},"end":{"line":24,"column":74}},"10":{"start":{"line":25,"column":6},"end":{"line":25,"column":null}},"11":{"start":{"line":27,"column":21},"end":{"line":27,"column":70}},"12":{"start":{"line":28,"column":19},"end":{"line":28,"column":66}},"13":{"start":{"line":29,"column":6},"end":{"line":29,"column":null}},"14":{"start":{"line":31,"column":6},"end":{"line":31,"column":null}},"15":{"start":{"line":32,"column":6},"end":{"line":32,"column":null}},"16":{"start":{"line":33,"column":6},"end":{"line":33,"column":null}},"17":{"start":{"line":34,"column":6},"end":{"line":34,"column":null}},"18":{"start":{"line":36,"column":6},"end":{"line":36,"column":null}},"19":{"start":{"line":37,"column":6},"end":{"line":37,"column":null}},"20":{"start":{"line":42,"column":0},"end":{"line":42,"column":null}}},"fnMap":{"0":{"name":"(anonymous_8)","decl":{"start":{"line":9,"column":2},"end":{"line":9,"column":null}},"loc":{"start":{"line":9,"column":2},"end":{"line":11,"column":3}}},"1":{"name":"(anonymous_9)","decl":{"start":{"line":14,"column":8},"end":{"line":14,"column":12}},"loc":{"start":{"line":14,"column":44},"end":{"line":39,"column":null}}}},"branchMap":{},"s":{"0":1,"1":1,"2":1,"3":1,"4":1,"5":1,"6":1,"7":1,"8":1,"9":1,"10":1,"11":1,"12":1,"13":1,"14":1,"15":1,"16":1,"17":1,"18":0,"19":0,"20":1},"f":{"0":1,"1":1},"b":{}}
,"C:\\Users\\97254\\OneDrive\\Desktop\\ShoesLovers\\src\\controllers\\postController.ts": {"path":"C:\\Users\\97254\\OneDrive\\Desktop\\ShoesLovers\\src\\controllers\\postController.ts","statementMap":{"0":{"start":{"line":2,"column":0},"end":{"line":2,"column":54}},"1":{"start":{"line":3,"column":0},"end":{"line":3,"column":50}},"2":{"start":{"line":4,"column":0},"end":{"line":4,"column":49}},"3":{"start":{"line":9,"column":4},"end":{"line":9,"column":null}},"4":{"start":{"line":12,"column":4},"end":{"line":12,"column":null}},"5":{"start":{"line":13,"column":4},"end":{"line":34,"column":5}},"6":{"start":{"line":14,"column":29},"end":{"line":19,"column":null}},"7":{"start":{"line":21,"column":19},"end":{"line":21,"column":51}},"8":{"start":{"line":22,"column":6},"end":{"line":24,"column":7}},"9":{"start":{"line":23,"column":8},"end":{"line":23,"column":null}},"10":{"start":{"line":25,"column":20},"end":{"line":25,"column":69}},"11":{"start":{"line":26,"column":6},"end":{"line":26,"column":null}},"12":{"start":{"line":27,"column":6},"end":{"line":27,"column":null}},"13":{"start":{"line":28,"column":6},"end":{"line":28,"column":null}},"14":{"start":{"line":29,"column":6},"end":{"line":29,"column":null}},"15":{"start":{"line":30,"column":6},"end":{"line":30,"column":null}},"16":{"start":{"line":31,"column":6},"end":{"line":31,"column":null}},"17":{"start":{"line":33,"column":6},"end":{"line":33,"column":null}},"18":{"start":{"line":38,"column":15},"end":{"line":38,"column":28}},"19":{"start":{"line":39,"column":4},"end":{"line":39,"column":null}},"20":{"start":{"line":41,"column":4},"end":{"line":47,"column":5}},"21":{"start":{"line":42,"column":19},"end":{"line":42,"column":66}},"22":{"start":{"line":43,"column":6},"end":{"line":43,"column":null}},"23":{"start":{"line":45,"column":6},"end":{"line":45,"column":null}},"24":{"start":{"line":46,"column":6},"end":{"line":46,"column":null}},"25":{"start":{"line":51,"column":15},"end":{"line":51,"column":28}},"26":{"start":{"line":52,"column":4},"end":{"line":52,"column":null}},"27":{"start":{"line":53,"column":4},"end":{"line":70,"column":5}},"28":{"start":{"line":54,"column":19},"end":{"line":54,"column":48}},"29":{"start":{"line":55,"column":6},"end":{"line":57,"column":7}},"30":{"start":{"line":56,"column":8},"end":{"line":56,"column":null}},"31":{"start":{"line":58,"column":20},"end":{"line":58,"column":69}},"32":{"start":{"line":59,"column":6},"end":{"line":61,"column":7}},"33":{"start":{"line":60,"column":8},"end":{"line":60,"column":null}},"34":{"start":{"line":63,"column":6},"end":{"line":63,"column":null}},"35":{"start":{"line":63,"column":44},"end":{"line":63,"column":63}},"36":{"start":{"line":64,"column":6},"end":{"line":64,"column":null}},"37":{"start":{"line":65,"column":6},"end":{"line":65,"column":null}},"38":{"start":{"line":66,"column":6},"end":{"line":66,"column":null}},"39":{"start":{"line":68,"column":6},"end":{"line":68,"column":null}},"40":{"start":{"line":69,"column":6},"end":{"line":69,"column":null}},"41":{"start":{"line":74,"column":0},"end":{"line":74,"column":null}}},"fnMap":{"0":{"name":"(anonymous_8)","decl":{"start":{"line":8,"column":2},"end":{"line":8,"column":null}},"loc":{"start":{"line":8,"column":2},"end":{"line":10,"column":3}}},"1":{"name":"(anonymous_9)","decl":{"start":{"line":11,"column":8},"end":{"line":11,"column":12}},"loc":{"start":{"line":11,"column":44},"end":{"line":35,"column":null}}},"2":{"name":"(anonymous_11)","decl":{"start":{"line":37,"column":8},"end":{"line":37,"column":15}},"loc":{"start":{"line":37,"column":43},"end":{"line":48,"column":null}}},"3":{"name":"(anonymous_13)","decl":{"start":{"line":50,"column":8},"end":{"line":50,"column":18}},"loc":{"start":{"line":50,"column":50},"end":{"line":71,"column":null}}},"4":{"name":"(anonymous_15)","decl":{"start":{"line":63,"column":39},"end":{"line":63,"column":40}},"loc":{"start":{"line":63,"column":44},"end":{"line":63,"column":63}}}},"branchMap":{"0":{"loc":{"start":{"line":22,"column":6},"end":{"line":24,"column":7}},"type":"if","locations":[{"start":{"line":22,"column":6},"end":{"line":24,"column":7}}]},"1":{"loc":{"start":{"line":22,"column":10},"end":{"line":22,"column":47}},"type":"binary-expr","locations":[{"start":{"line":22,"column":10},"end":{"line":22,"column":15}},{"start":{"line":22,"column":19},"end":{"line":22,"column":32}},{"start":{"line":22,"column":36},"end":{"line":22,"column":47}}]},"2":{"loc":{"start":{"line":55,"column":6},"end":{"line":57,"column":7}},"type":"if","locations":[{"start":{"line":55,"column":6},"end":{"line":57,"column":7}}]},"3":{"loc":{"start":{"line":59,"column":6},"end":{"line":61,"column":7}},"type":"if","locations":[{"start":{"line":59,"column":6},"end":{"line":61,"column":7}}]}},"s":{"0":1,"1":1,"2":1,"3":1,"4":1,"5":1,"6":1,"7":1,"8":1,"9":0,"10":1,"11":1,"12":1,"13":1,"14":1,"15":1,"16":1,"17":0,"18":0,"19":0,"20":0,"21":0,"22":0,"23":0,"24":0,"25":0,"26":0,"27":0,"28":0,"29":0,"30":0,"31":0,"32":0,"33":0,"34":0,"35":0,"36":0,"37":0,"38":0,"39":0,"40":0,"41":1},"f":{"0":1,"1":1,"2":0,"3":0,"4":0},"b":{"0":[0],"1":[1,1,1],"2":[0],"3":[0]}}
,"C:\\Users\\97254\\OneDrive\\Desktop\\ShoesLovers\\src\\helpers\\testsHelpers.ts": {"path":"C:\\Users\\97254\\OneDrive\\Desktop\\ShoesLovers\\src\\helpers\\testsHelpers.ts","statementMap":{"0":{"start":{"line":1,"column":0},"end":{"line":1,"column":31}},"1":{"start":{"line":8,"column":35},"end":{"line":19,"column":1}},"2":{"start":{"line":13,"column":2},"end":{"line":18,"column":null}},"3":{"start":{"line":8,"column":13},"end":{"line":8,"column":35}},"4":{"start":{"line":22,"column":30},"end":{"line":27,"column":null}},"5":{"start":{"line":22,"column":74},"end":{"line":27,"column":null}},"6":{"start":{"line":23,"column":19},"end":{"line":25,"column":47}},"7":{"start":{"line":26,"column":2},"end":{"line":26,"column":null}},"8":{"start":{"line":22,"column":13},"end":{"line":22,"column":30}},"9":{"start":{"line":30,"column":30},"end":{"line":39,"column":null}},"10":{"start":{"line":34,"column":4},"end":{"line":39,"column":null}},"11":{"start":{"line":35,"column":19},"end":{"line":37,"column":47}},"12":{"start":{"line":38,"column":2},"end":{"line":38,"column":null}},"13":{"start":{"line":30,"column":13},"end":{"line":30,"column":30}},"14":{"start":{"line":42,"column":29},"end":{"line":53,"column":null}},"15":{"start":{"line":47,"column":4},"end":{"line":53,"column":null}},"16":{"start":{"line":48,"column":19},"end":{"line":51,"column":18}},"17":{"start":{"line":52,"column":2},"end":{"line":52,"column":null}},"18":{"start":{"line":42,"column":13},"end":{"line":42,"column":29}},"19":{"start":{"line":56,"column":29},"end":{"line":65,"column":null}},"20":{"start":{"line":60,"column":4},"end":{"line":65,"column":null}},"21":{"start":{"line":61,"column":19},"end":{"line":63,"column":47}},"22":{"start":{"line":64,"column":2},"end":{"line":64,"column":null}},"23":{"start":{"line":56,"column":13},"end":{"line":56,"column":29}},"24":{"start":{"line":68,"column":33},"end":{"line":77,"column":null}},"25":{"start":{"line":72,"column":4},"end":{"line":77,"column":null}},"26":{"start":{"line":73,"column":19},"end":{"line":75,"column":47}},"27":{"start":{"line":76,"column":2},"end":{"line":76,"column":null}},"28":{"start":{"line":68,"column":13},"end":{"line":68,"column":33}},"29":{"start":{"line":80,"column":32},"end":{"line":90,"column":1}},"30":{"start":{"line":85,"column":2},"end":{"line":89,"column":null}},"31":{"start":{"line":80,"column":13},"end":{"line":80,"column":32}},"32":{"start":{"line":93,"column":13},"end":{"line":97,"column":null}},"33":{"start":{"line":100,"column":31},"end":{"line":103,"column":null}},"34":{"start":{"line":100,"column":73},"end":{"line":103,"column":null}},"35":{"start":{"line":101,"column":19},"end":{"line":101,"column":74}},"36":{"start":{"line":102,"column":2},"end":{"line":102,"column":null}},"37":{"start":{"line":100,"column":13},"end":{"line":100,"column":31}},"38":{"start":{"line":106,"column":28},"end":{"line":109,"column":null}},"39":{"start":{"line":106,"column":70},"end":{"line":109,"column":null}},"40":{"start":{"line":107,"column":19},"end":{"line":107,"column":71}},"41":{"start":{"line":108,"column":2},"end":{"line":108,"column":null}},"42":{"start":{"line":106,"column":13},"end":{"line":106,"column":28}},"43":{"start":{"line":112,"column":29},"end":{"line":117,"column":null}},"44":{"start":{"line":112,"column":74},"end":{"line":117,"column":null}},"45":{"start":{"line":113,"column":19},"end":{"line":115,"column":48}},"46":{"start":{"line":116,"column":2},"end":{"line":116,"column":null}},"47":{"start":{"line":112,"column":13},"end":{"line":112,"column":29}},"48":{"start":{"line":120,"column":30},"end":{"line":125,"column":null}},"49":{"start":{"line":120,"column":75},"end":{"line":125,"column":null}},"50":{"start":{"line":121,"column":19},"end":{"line":123,"column":48}},"51":{"start":{"line":124,"column":2},"end":{"line":124,"column":null}},"52":{"start":{"line":120,"column":13},"end":{"line":120,"column":30}},"53":{"start":{"line":128,"column":26},"end":{"line":138,"column":null}},"54":{"start":{"line":132,"column":4},"end":{"line":138,"column":null}},"55":{"start":{"line":133,"column":19},"end":{"line":136,"column":15}},"56":{"start":{"line":137,"column":2},"end":{"line":137,"column":null}},"57":{"start":{"line":128,"column":13},"end":{"line":128,"column":26}},"58":{"start":{"line":141,"column":27},"end":{"line":150,"column":null}},"59":{"start":{"line":145,"column":4},"end":{"line":150,"column":null}},"60":{"start":{"line":146,"column":19},"end":{"line":148,"column":47}},"61":{"start":{"line":149,"column":2},"end":{"line":149,"column":null}},"62":{"start":{"line":141,"column":13},"end":{"line":141,"column":27}},"63":{"start":{"line":153,"column":27},"end":{"line":158,"column":null}},"64":{"start":{"line":153,"column":71},"end":{"line":158,"column":null}},"65":{"start":{"line":154,"column":19},"end":{"line":156,"column":47}},"66":{"start":{"line":157,"column":2},"end":{"line":157,"column":null}},"67":{"start":{"line":153,"column":13},"end":{"line":153,"column":27}},"68":{"start":{"line":161,"column":26},"end":{"line":172,"column":null}},"69":{"start":{"line":166,"column":4},"end":{"line":172,"column":null}},"70":{"start":{"line":167,"column":19},"end":{"line":170,"column":15}},"71":{"start":{"line":171,"column":2},"end":{"line":171,"column":null}},"72":{"start":{"line":161,"column":13},"end":{"line":161,"column":26}},"73":{"start":{"line":175,"column":26},"end":{"line":184,"column":null}},"74":{"start":{"line":179,"column":4},"end":{"line":184,"column":null}},"75":{"start":{"line":180,"column":19},"end":{"line":182,"column":47}},"76":{"start":{"line":183,"column":2},"end":{"line":183,"column":null}},"77":{"start":{"line":175,"column":13},"end":{"line":175,"column":26}},"78":{"start":{"line":187,"column":35},"end":{"line":191,"column":1}},"79":{"start":{"line":188,"column":2},"end":{"line":190,"column":null}},"80":{"start":{"line":187,"column":13},"end":{"line":187,"column":35}},"81":{"start":{"line":194,"column":29},"end":{"line":205,"column":null}},"82":{"start":{"line":199,"column":4},"end":{"line":205,"column":null}},"83":{"start":{"line":200,"column":19},"end":{"line":203,"column":18}},"84":{"start":{"line":204,"column":2},"end":{"line":204,"column":null}},"85":{"start":{"line":194,"column":13},"end":{"line":194,"column":29}}},"fnMap":{"0":{"name":"(anonymous_8)","decl":{"start":{"line":8,"column":35},"end":{"line":8,"column":null}},"loc":{"start":{"line":12,"column":4},"end":{"line":19,"column":1}}},"1":{"name":"(anonymous_9)","decl":{"start":{"line":22,"column":30},"end":{"line":22,"column":37}},"loc":{"start":{"line":22,"column":74},"end":{"line":27,"column":null}}},"2":{"name":"(anonymous_10)","decl":{"start":{"line":22,"column":74},"end":{"line":22,"column":null}},"loc":{"start":{"line":22,"column":74},"end":{"line":27,"column":1}}},"3":{"name":"(anonymous_11)","decl":{"start":{"line":30,"column":30},"end":{"line":30,"column":null}},"loc":{"start":{"line":34,"column":4},"end":{"line":39,"column":null}}},"4":{"name":"(anonymous_12)","decl":{"start":{"line":34,"column":4},"end":{"line":34,"column":null}},"loc":{"start":{"line":34,"column":4},"end":{"line":39,"column":1}}},"5":{"name":"(anonymous_13)","decl":{"start":{"line":42,"column":29},"end":{"line":42,"column":null}},"loc":{"start":{"line":47,"column":4},"end":{"line":53,"column":null}}},"6":{"name":"(anonymous_14)","decl":{"start":{"line":47,"column":4},"end":{"line":47,"column":null}},"loc":{"start":{"line":47,"column":4},"end":{"line":53,"column":1}}},"7":{"name":"(anonymous_15)","decl":{"start":{"line":56,"column":29},"end":{"line":56,"column":null}},"loc":{"start":{"line":60,"column":4},"end":{"line":65,"column":null}}},"8":{"name":"(anonymous_16)","decl":{"start":{"line":60,"column":4},"end":{"line":60,"column":null}},"loc":{"start":{"line":60,"column":4},"end":{"line":65,"column":1}}},"9":{"name":"(anonymous_17)","decl":{"start":{"line":68,"column":33},"end":{"line":68,"column":null}},"loc":{"start":{"line":72,"column":4},"end":{"line":77,"column":null}}},"10":{"name":"(anonymous_18)","decl":{"start":{"line":72,"column":4},"end":{"line":72,"column":null}},"loc":{"start":{"line":72,"column":4},"end":{"line":77,"column":1}}},"11":{"name":"(anonymous_19)","decl":{"start":{"line":80,"column":32},"end":{"line":80,"column":null}},"loc":{"start":{"line":84,"column":4},"end":{"line":90,"column":1}}},"12":{"name":"(anonymous_20)","decl":{"start":{"line":100,"column":31},"end":{"line":100,"column":38}},"loc":{"start":{"line":100,"column":73},"end":{"line":103,"column":null}}},"13":{"name":"(anonymous_21)","decl":{"start":{"line":100,"column":73},"end":{"line":100,"column":null}},"loc":{"start":{"line":100,"column":73},"end":{"line":103,"column":1}}},"14":{"name":"(anonymous_22)","decl":{"start":{"line":106,"column":28},"end":{"line":106,"column":35}},"loc":{"start":{"line":106,"column":70},"end":{"line":109,"column":null}}},"15":{"name":"(anonymous_23)","decl":{"start":{"line":106,"column":70},"end":{"line":106,"column":null}},"loc":{"start":{"line":106,"column":70},"end":{"line":109,"column":1}}},"16":{"name":"(anonymous_24)","decl":{"start":{"line":112,"column":29},"end":{"line":112,"column":36}},"loc":{"start":{"line":112,"column":74},"end":{"line":117,"column":null}}},"17":{"name":"(anonymous_25)","decl":{"start":{"line":112,"column":74},"end":{"line":112,"column":null}},"loc":{"start":{"line":112,"column":74},"end":{"line":117,"column":1}}},"18":{"name":"(anonymous_26)","decl":{"start":{"line":120,"column":30},"end":{"line":120,"column":37}},"loc":{"start":{"line":120,"column":75},"end":{"line":125,"column":null}}},"19":{"name":"(anonymous_27)","decl":{"start":{"line":120,"column":75},"end":{"line":120,"column":null}},"loc":{"start":{"line":120,"column":75},"end":{"line":125,"column":1}}},"20":{"name":"(anonymous_28)","decl":{"start":{"line":128,"column":26},"end":{"line":128,"column":null}},"loc":{"start":{"line":132,"column":4},"end":{"line":138,"column":null}}},"21":{"name":"(anonymous_29)","decl":{"start":{"line":132,"column":4},"end":{"line":132,"column":null}},"loc":{"start":{"line":132,"column":4},"end":{"line":138,"column":1}}},"22":{"name":"(anonymous_30)","decl":{"start":{"line":141,"column":27},"end":{"line":141,"column":null}},"loc":{"start":{"line":145,"column":4},"end":{"line":150,"column":null}}},"23":{"name":"(anonymous_31)","decl":{"start":{"line":145,"column":4},"end":{"line":145,"column":null}},"loc":{"start":{"line":145,"column":4},"end":{"line":150,"column":1}}},"24":{"name":"(anonymous_32)","decl":{"start":{"line":153,"column":27},"end":{"line":153,"column":34}},"loc":{"start":{"line":153,"column":71},"end":{"line":158,"column":null}}},"25":{"name":"(anonymous_33)","decl":{"start":{"line":153,"column":71},"end":{"line":153,"column":null}},"loc":{"start":{"line":153,"column":71},"end":{"line":158,"column":1}}},"26":{"name":"(anonymous_34)","decl":{"start":{"line":161,"column":26},"end":{"line":161,"column":null}},"loc":{"start":{"line":166,"column":4},"end":{"line":172,"column":null}}},"27":{"name":"(anonymous_35)","decl":{"start":{"line":166,"column":4},"end":{"line":166,"column":null}},"loc":{"start":{"line":166,"column":4},"end":{"line":172,"column":1}}},"28":{"name":"(anonymous_36)","decl":{"start":{"line":175,"column":26},"end":{"line":175,"column":null}},"loc":{"start":{"line":179,"column":4},"end":{"line":184,"column":null}}},"29":{"name":"(anonymous_37)","decl":{"start":{"line":179,"column":4},"end":{"line":179,"column":null}},"loc":{"start":{"line":179,"column":4},"end":{"line":184,"column":1}}},"30":{"name":"(anonymous_38)","decl":{"start":{"line":187,"column":35},"end":{"line":187,"column":36}},"loc":{"start":{"line":187,"column":55},"end":{"line":191,"column":1}}},"31":{"name":"(anonymous_39)","decl":{"start":{"line":194,"column":29},"end":{"line":194,"column":null}},"loc":{"start":{"line":199,"column":4},"end":{"line":205,"column":null}}},"32":{"name":"(anonymous_40)","decl":{"start":{"line":199,"column":4},"end":{"line":199,"column":null}},"loc":{"start":{"line":199,"column":4},"end":{"line":205,"column":1}}}},"branchMap":{},"s":{"0":1,"1":1,"2":1,"3":1,"4":1,"5":0,"6":0,"7":0,"8":1,"9":1,"10":0,"11":0,"12":0,"13":1,"14":1,"15":0,"16":0,"17":0,"18":1,"19":1,"20":0,"21":0,"22":0,"23":1,"24":1,"25":0,"26":0,"27":0,"28":1,"29":1,"30":1,"31":1,"32":1,"33":1,"34":1,"35":1,"36":1,"37":1,"38":1,"39":1,"40":1,"41":1,"42":1,"43":1,"44":0,"45":0,"46":0,"47":1,"48":1,"49":0,"50":0,"51":0,"52":1,"53":1,"54":1,"55":1,"56":1,"57":1,"58":1,"59":0,"60":0,"61":0,"62":1,"63":1,"64":0,"65":0,"66":0,"67":1,"68":1,"69":0,"70":0,"71":0,"72":1,"73":1,"74":0,"75":0,"76":0,"77":1,"78":1,"79":1,"80":1,"81":1,"82":1,"83":1,"84":1,"85":1},"f":{"0":1,"1":0,"2":0,"3":0,"4":0,"5":0,"6":0,"7":0,"8":0,"9":0,"10":0,"11":1,"12":1,"13":1,"14":1,"15":1,"16":0,"17":0,"18":0,"19":0,"20":1,"21":1,"22":0,"23":0,"24":0,"25":0,"26":0,"27":0,"28":0,"29":0,"30":1,"31":1,"32":1},"b":{}}
,"C:\\Users\\97254\\OneDrive\\Desktop\\ShoesLovers\\src\\models\\accountModel.ts": {"path":"C:\\Users\\97254\\OneDrive\\Desktop\\ShoesLovers\\src\\models\\accountModel.ts","statementMap":{"0":{"start":{"line":1,"column":0},"end":{"line":1,"column":31}},"1":{"start":{"line":13,"column":22},"end":{"line":36,"column":2}},"2":{"start":{"line":38,"column":0},"end":{"line":38,"column":null}}},"fnMap":{},"branchMap":{},"s":{"0":1,"1":1,"2":1},"f":{},"b":{}}
,"C:\\Users\\97254\\OneDrive\\Desktop\\ShoesLovers\\src\\models\\commentModel.ts": {"path":"C:\\Users\\97254\\OneDrive\\Desktop\\ShoesLovers\\src\\models\\commentModel.ts","statementMap":{"0":{"start":{"line":1,"column":0},"end":{"line":1,"column":31}},"1":{"start":{"line":10,"column":22},"end":{"line":25,"column":2}},"2":{"start":{"line":27,"column":21},"end":{"line":27,"column":71}},"3":{"start":{"line":29,"column":9},"end":{"line":29,"column":21}}},"fnMap":{},"branchMap":{},"s":{"0":1,"1":1,"2":1,"3":1},"f":{},"b":{}}
,"C:\\Users\\97254\\OneDrive\\Desktop\\ShoesLovers\\src\\models\\postModel.ts": {"path":"C:\\Users\\97254\\OneDrive\\Desktop\\ShoesLovers\\src\\models\\postModel.ts","statementMap":{"0":{"start":{"line":1,"column":0},"end":{"line":1,"column":31}},"1":{"start":{"line":11,"column":23},"end":{"line":31,"column":2}},"2":{"start":{"line":33,"column":0},"end":{"line":33,"column":null}}},"fnMap":{},"branchMap":{},"s":{"0":1,"1":1,"2":1},"f":{},"b":{}}
,"C:\\Users\\97254\\OneDrive\\Desktop\\ShoesLovers\\src\\routes\\account_route.ts": {"path":"C:\\Users\\97254\\OneDrive\\Desktop\\ShoesLovers\\src\\routes\\account_route.ts","statementMap":{"0":{"start":{"line":1,"column":0},"end":{"line":1,"column":29}},"1":{"start":{"line":2,"column":0},"end":{"line":2,"column":65}},"2":{"start":{"line":3,"column":0},"end":{"line":3,"column":59}},"3":{"start":{"line":5,"column":15},"end":{"line":5,"column":31}},"4":{"start":{"line":7,"column":0},"end":{"line":11,"column":null}},"5":{"start":{"line":12,"column":0},"end":{"line":16,"column":null}},"6":{"start":{"line":18,"column":0},"end":{"line":22,"column":null}},"7":{"start":{"line":24,"column":0},"end":{"line":28,"column":null}},"8":{"start":{"line":30,"column":0},"end":{"line":34,"column":null}},"9":{"start":{"line":36,"column":0},"end":{"line":36,"column":null}}},"fnMap":{},"branchMap":{},"s":{"0":1,"1":1,"2":1,"3":1,"4":1,"5":1,"6":1,"7":1,"8":1,"9":1},"f":{},"b":{}}
,"C:\\Users\\97254\\OneDrive\\Desktop\\ShoesLovers\\src\\routes\\auth_route.ts": {"path":"C:\\Users\\97254\\OneDrive\\Desktop\\ShoesLovers\\src\\routes\\auth_route.ts","statementMap":{"0":{"start":{"line":1,"column":0},"end":{"line":1,"column":29}},"1":{"start":{"line":2,"column":0},"end":{"line":2,"column":59}},"2":{"start":{"line":4,"column":15},"end":{"line":4,"column":31}},"3":{"start":{"line":6,"column":0},"end":{"line":6,"column":null}},"4":{"start":{"line":8,"column":0},"end":{"line":8,"column":null}},"5":{"start":{"line":10,"column":0},"end":{"line":10,"column":null}},"6":{"start":{"line":12,"column":0},"end":{"line":12,"column":null}},"7":{"start":{"line":14,"column":0},"end":{"line":14,"column":null}}},"fnMap":{},"branchMap":{},"s":{"0":1,"1":1,"2":1,"3":1,"4":1,"5":1,"6":1,"7":1},"f":{},"b":{}}
,"C:\\Users\\97254\\OneDrive\\Desktop\\ShoesLovers\\src\\routes\\comment_route.ts": {"path":"C:\\Users\\97254\\OneDrive\\Desktop\\ShoesLovers\\src\\routes\\comment_route.ts","statementMap":{"0":{"start":{"line":1,"column":0},"end":{"line":1,"column":29}},"1":{"start":{"line":2,"column":0},"end":{"line":2,"column":64}},"2":{"start":{"line":3,"column":0},"end":{"line":3,"column":59}},"3":{"start":{"line":5,"column":15},"end":{"line":5,"column":31}},"4":{"start":{"line":7,"column":0},"end":{"line":7,"column":null}},"5":{"start":{"line":8,"column":0},"end":{"line":8,"column":null}},"6":{"start":{"line":10,"column":0},"end":{"line":14,"column":null}},"7":{"start":{"line":16,"column":0},"end":{"line":20,"column":null}},"8":{"start":{"line":22,"column":0},"end":{"line":26,"column":null}},"9":{"start":{"line":28,"column":0},"end":{"line":28,"column":null}}},"fnMap":{},"branchMap":{},"s":{"0":1,"1":1,"2":1,"3":1,"4":1,"5":1,"6":1,"7":1,"8":1,"9":1},"f":{},"b":{}}
,"C:\\Users\\97254\\OneDrive\\Desktop\\ShoesLovers\\src\\routes\\post_route.ts": {"path":"C:\\Users\\97254\\OneDrive\\Desktop\\ShoesLovers\\src\\routes\\post_route.ts","statementMap":{"0":{"start":{"line":1,"column":0},"end":{"line":1,"column":29}},"1":{"start":{"line":2,"column":0},"end":{"line":2,"column":58}},"2":{"start":{"line":3,"column":0},"end":{"line":3,"column":59}},"3":{"start":{"line":5,"column":15},"end":{"line":5,"column":31}},"4":{"start":{"line":7,"column":0},"end":{"line":7,"column":null}},"5":{"start":{"line":8,"column":0},"end":{"line":8,"column":null}},"6":{"start":{"line":10,"column":0},"end":{"line":10,"column":null}},"7":{"start":{"line":12,"column":0},"end":{"line":16,"column":null}},"8":{"start":{"line":18,"column":0},"end":{"line":22,"column":null}},"9":{"start":{"line":24,"column":0},"end":{"line":24,"column":null}}},"fnMap":{},"branchMap":{},"s":{"0":1,"1":1,"2":1,"3":1,"4":1,"5":1,"6":1,"7":1,"8":1,"9":1},"f":{},"b":{}}
}
