TN:
SF:src\app.ts
FN:10,(anonymous_1)
FN:12,(anonymous_2)
FN:13,(anonymous_3)
FN:14,(anonymous_4)
FN:17,(anonymous_5)
FN:24,(anonymous_6)
FNF:6
FNH:4
FNDA:2,(anonymous_1)
FNDA:0,(anonymous_2)
FNDA:2,(anonymous_3)
FNDA:2,(anonymous_4)
FNDA:2,(anonymous_5)
FNDA:0,(anonymous_6)
DA:1,2
DA:2,2
DA:3,2
DA:4,2
DA:5,2
DA:6,2
DA:7,2
DA:8,2
DA:10,2
DA:11,2
DA:12,2
DA:13,2
DA:14,2
DA:15,2
DA:18,2
DA:19,2
DA:20,2
DA:21,2
DA:22,2
DA:25,0
DA:29,2
LF:21
LH:20
BRF:0
BRH:0
end_of_record
TN:
SF:src\controllers\base_controller.ts
FN:6,(anonymous_7)
FN:9,(anonymous_8)
FN:24,(anonymous_10)
FN:34,(anonymous_12)
FN:45,(anonymous_14)
FN:49,(anonymous_16)
FN:54,(anonymous_18)
FNF:7
FNH:5
FNDA:4,(anonymous_7)
FNDA:6,(anonymous_8)
FNDA:2,(anonymous_10)
FNDA:5,(anonymous_12)
FNDA:0,(anonymous_14)
FNDA:0,(anonymous_16)
FNDA:4,(anonymous_18)
DA:7,4
DA:10,6
DA:11,6
DA:12,6
DA:13,0
DA:14,0
DA:16,6
DA:17,6
DA:20,0
DA:25,2
DA:26,2
DA:27,2
DA:28,2
DA:30,0
DA:35,5
DA:36,5
DA:37,5
DA:38,4
DA:40,1
DA:41,1
DA:46,0
DA:47,0
DA:50,0
DA:51,0
DA:54,2
DA:55,4
DA:57,2
LF:27
LH:19
BRDA:12,0,0,0
BRDA:12,0,1,6
BRF:2
BRH:1
end_of_record
TN:
SF:src\controllers\user_controller.ts
FNF:0
FNH:0
DA:1,2
DA:3,2
DA:5,2
DA:7,2
LF:4
LH:4
BRF:0
BRH:0
end_of_record
TN:
SF:src\controllers\user_post_controller.ts
FNF:0
FNH:0
DA:1,2
DA:2,2
DA:4,2
DA:6,2
LF:4
LH:4
BRF:0
BRH:0
end_of_record
TN:
SF:src\models\user_model.ts
FNF:0
FNH:0
DA:1,2
DA:7,2
DA:17,2
LF:3
LH:3
BRF:0
BRH:0
end_of_record
TN:
SF:src\models\user_post_model.ts
FNF:0
FNH:0
DA:1,2
DA:8,2
DA:23,2
LF:3
LH:3
BRF:0
BRH:0
end_of_record
TN:
SF:src\routes\user_post_route.ts
FNF:0
FNH:0
DA:1,2
DA:2,2
DA:3,2
DA:7,2
DA:8,2
DA:10,2
DA:12,2
DA:14,2
DA:16,2
LF:9
LH:9
BRF:0
BRH:0
end_of_record
TN:
SF:src\routes\user_route.ts
FNF:0
FNH:0
DA:1,2
DA:2,2
DA:3,2
DA:5,2
DA:6,2
DA:8,2
DA:10,2
DA:12,2
DA:14,2
LF:9
LH:9
BRF:0
BRH:0
end_of_record
