TN:
SF:src\app.ts
FN:11,(anonymous_1)
FN:13,(anonymous_2)
FN:14,(anonymous_3)
FN:15,(anonymous_4)
FN:18,(anonymous_5)
FN:26,(anonymous_6)
FNF:6
FNH:4
FNDA:1,(anonymous_1)
FNDA:0,(anonymous_2)
FNDA:1,(anonymous_3)
FNDA:1,(anonymous_4)
FNDA:1,(anonymous_5)
FNDA:0,(anonymous_6)
DA:1,1
DA:2,1
DA:3,1
DA:4,1
DA:5,1
DA:6,1
DA:7,1
DA:8,1
DA:9,1
DA:11,1
DA:12,1
DA:13,1
DA:14,1
DA:15,1
DA:16,1
DA:19,1
DA:20,1
DA:21,1
DA:22,1
DA:23,1
DA:24,1
DA:27,0
DA:31,1
LF:23
LH:22
BRF:0
BRH:0
end_of_record
TN:
SF:src\controllers\account_controller.ts
FNF:0
FNH:0
DA:1,1
DA:2,1
DA:4,1
DA:6,1
LF:4
LH:4
BRF:0
BRH:0
end_of_record
TN:
SF:src\controllers\auth_controller.ts
FN:6,(anonymous_8)
FN:6,(anonymous_9)
FN:31,(anonymous_10)
FN:31,(anonymous_11)
FN:72,(anonymous_12)
FN:72,(anonymous_13)
FN:81,(anonymous_14)
FN:81,(anonymous_15)
FN:95,(anonymous_16)
FN:106,(anonymous_17)
FN:106,(anonymous_18)
FN:114,(anonymous_19)
FN:114,(anonymous_20)
FN:139,(anonymous_21)
FNF:14
FNH:14
FNDA:4,(anonymous_8)
FNDA:4,(anonymous_9)
FNDA:7,(anonymous_10)
FNDA:7,(anonymous_11)
FNDA:5,(anonymous_12)
FNDA:5,(anonymous_13)
FNDA:4,(anonymous_14)
FNDA:4,(anonymous_15)
FNDA:2,(anonymous_16)
FNDA:3,(anonymous_17)
FNDA:3,(anonymous_18)
FNDA:3,(anonymous_19)
FNDA:3,(anonymous_20)
FNDA:1,(anonymous_21)
DA:2,1
DA:3,1
DA:4,1
DA:6,4
DA:7,4
DA:8,4
DA:10,4
DA:11,1
DA:14,3
DA:15,3
DA:16,3
DA:17,2
DA:19,1
DA:20,1
DA:25,1
DA:27,2
DA:31,7
DA:32,7
DA:34,7
DA:35,3
DA:37,4
DA:38,4
DA:39,4
DA:40,1
DA:43,3
DA:44,3
DA:45,1
DA:48,2
DA:52,2
DA:57,2
DA:58,0
DA:60,2
DA:62,2
DA:63,2
DA:68,1
DA:72,5
DA:73,5
DA:74,5
DA:76,5
DA:78,4
DA:81,4
DA:82,4
DA:83,4
DA:84,3
DA:85,3
DA:86,3
DA:90,1
DA:91,1
DA:92,1
DA:94,2
DA:95,2
DA:97,2
DA:98,2
DA:101,0
DA:106,3
DA:107,3
DA:108,3
DA:109,3
DA:111,3
DA:114,3
DA:115,3
DA:116,0
DA:117,0
DA:119,3
DA:120,3
DA:121,3
DA:125,2
DA:126,2
DA:127,2
DA:129,1
DA:134,1
DA:138,1
DA:139,1
DA:141,1
DA:142,1
DA:143,1
DA:148,0
DA:154,1
LF:78
LH:73
BRDA:10,0,0,1
BRDA:10,1,0,4
BRDA:10,1,1,4
BRDA:10,1,2,3
BRDA:16,2,0,2
BRDA:34,3,0,3
BRDA:34,4,0,7
BRDA:34,4,1,6
BRDA:39,5,0,1
BRDA:44,6,0,1
BRDA:57,7,0,0
BRDA:57,7,1,2
BRDA:74,8,0,5
BRDA:74,8,1,4
BRDA:76,9,0,1
BRDA:83,10,0,1
BRDA:86,11,0,1
BRDA:86,11,1,2
BRDA:87,12,0,3
BRDA:87,12,1,3
BRDA:108,13,0,3
BRDA:108,13,1,3
BRDA:109,14,0,0
BRDA:115,15,0,0
BRDA:121,16,0,2
BRDA:122,17,0,3
BRDA:122,17,1,3
BRF:27
BRH:24
end_of_record
TN:
SF:src\controllers\auth_middleware.ts
FN:9,(anonymous_1)
FN:17,(anonymous_2)
FNF:2
FNH:2
FNDA:6,(anonymous_1)
FNDA:4,(anonymous_2)
DA:1,1
DA:9,1
DA:14,6
DA:15,6
DA:16,6
DA:17,4
DA:18,4
DA:19,2
DA:20,2
DA:23,1
LF:10
LH:10
BRDA:15,0,0,6
BRDA:15,0,1,4
BRDA:16,1,0,2
BRDA:18,2,0,2
BRF:4
BRH:4
end_of_record
TN:
SF:src\controllers\base_controller.ts
FN:9,(anonymous_7)
FN:12,(anonymous_8)
FN:22,(anonymous_10)
FN:32,(anonymous_12)
FN:49,(anonymous_14)
FN:60,(anonymous_16)
FN:71,(anonymous_18)
FNF:7
FNH:3
FNDA:2,(anonymous_7)
FNDA:2,(anonymous_8)
FNDA:0,(anonymous_10)
FNDA:0,(anonymous_12)
FNDA:0,(anonymous_14)
FNDA:0,(anonymous_16)
FNDA:2,(anonymous_18)
DA:7,1
DA:10,2
DA:13,2
DA:14,2
DA:15,2
DA:16,2
DA:18,0
DA:23,0
DA:24,0
DA:25,0
DA:26,0
DA:28,0
DA:33,0
DA:34,0
DA:35,0
DA:36,0
DA:41,0
DA:42,0
DA:44,0
DA:45,0
DA:50,0
DA:51,0
DA:52,0
DA:53,0
DA:54,0
DA:56,0
DA:57,0
DA:61,0
DA:62,0
DA:63,0
DA:64,0
DA:66,0
DA:67,0
DA:71,1
DA:72,2
DA:74,1
LF:36
LH:9
BRF:0
BRH:0
end_of_record
TN:
SF:src\controllers\postController.ts
FNF:0
FNH:0
DA:1,1
DA:2,1
DA:4,1
DA:6,1
LF:4
LH:4
BRF:0
BRH:0
end_of_record
TN:
SF:src\models\accountModel.ts
FNF:0
FNH:0
DA:1,1
DA:10,1
DA:34,1
LF:3
LH:3
BRF:0
BRH:0
end_of_record
TN:
SF:src\models\postModel.ts
FNF:0
FNH:0
DA:1,1
DA:9,1
DA:25,1
LF:3
LH:3
BRF:0
BRH:0
end_of_record
TN:
SF:src\routes\account_route.ts
FNF:0
FNH:0
DA:1,1
DA:2,1
DA:3,1
DA:5,1
DA:7,1
DA:12,1
DA:18,1
DA:24,1
DA:31,1
LF:9
LH:9
BRF:0
BRH:0
end_of_record
TN:
SF:src\routes\auth_route.ts
FNF:0
FNH:0
DA:1,1
DA:2,1
DA:4,1
DA:6,1
DA:8,1
DA:10,1
DA:12,1
DA:14,1
LF:8
LH:8
BRF:0
BRH:0
end_of_record
TN:
SF:src\routes\post_route.ts
FNF:0
FNH:0
DA:1,1
DA:2,1
DA:3,1
DA:5,1
DA:7,1
DA:8,1
DA:10,1
DA:16,1
DA:22,1
DA:28,1
LF:10
LH:10
BRF:0
BRH:0
end_of_record
